2017-02-14 10:37:59,430 [main] INFO  Version:45 - HHH000412: Hibernate Core {5.2.6.Final}
2017-02-14 10:37:59,443 [main] INFO  Environment:213 - HHH000206: hibernate.properties not found
2017-02-14 10:37:59,470 [main] WARN  deprecation:91 - HHH90000012: Recognized obsolete hibernate namespace http://hibernate.sourceforge.net/hibernate-configuration. Use namespace http://www.hibernate.org/dtd/hibernate-configuration instead.  Support for obsolete DTD/XSD namespaces may be removed at any time.
2017-02-14 10:37:59,704 [main] INFO  Version:66 - HCANN000001: Hibernate Commons Annotations {5.0.1.Final}
2017-02-14 10:38:00,683 [main] WARN  pooling:70 - HHH10001002: Using Hibernate built-in connection pool (not for production use!)
2017-02-14 10:38:00,690 [main] INFO  pooling:126 - HHH10001005: using driver [org.hsqldb.jdbcDriver] at URL [jdbc:hsqldb:mem:testdb]
2017-02-14 10:38:00,691 [main] INFO  pooling:135 - HHH10001001: Connection properties: {user=sa, password=****}
2017-02-14 10:38:00,692 [main] INFO  pooling:140 - HHH10001003: Autocommit mode: false
2017-02-14 10:38:00,696 [main] INFO  DriverManagerConnectionProviderImpl:41 - HHH000115: Hibernate connection pool size: 20 (min=1)
2017-02-14 10:38:01,110 [main] INFO  Dialect:157 - HHH000400: Using dialect: org.hibernate.dialect.HSQLDialect
2017-02-14 10:38:01,713 [main] INFO  access:47 - HHH10001501: Connection obtained from JdbcConnectionAccess [org.hibernate.engine.jdbc.env.internal.JdbcEnvironmentInitiator$ConnectionProviderJdbcConnectionAccess@69eb86b4] for (non-JTA) DDL execution was not in auto-commit mode; the Connection 'local transaction' will be committed and the Connection will be set into auto-commit mode.
2017-02-14 10:38:01,718 [main] INFO  access:47 - HHH10001501: Connection obtained from JdbcConnectionAccess [org.hibernate.engine.jdbc.env.internal.JdbcEnvironmentInitiator$ConnectionProviderJdbcConnectionAccess@3eba57a7] for (non-JTA) DDL execution was not in auto-commit mode; the Connection 'local transaction' will be committed and the Connection will be set into auto-commit mode.
2017-02-14 10:38:01,721 [main] INFO  SchemaCreatorImpl:488 - HHH000476: Executing import script 'org.hibernate.tool.schema.internal.exec.ScriptSourceInputNonExistentImpl@67207d8a'
2017-02-14 10:39:36 [main] INFO  Version:45 - HHH000412: Hibernate Core {5.2.6.Final}
2017-02-14 10:39:36 [main] INFO  Environment:213 - HHH000206: hibernate.properties not found
2017-02-14 10:39:36 [main] WARN  deprecation:91 - HHH90000012: Recognized obsolete hibernate namespace http://hibernate.sourceforge.net/hibernate-configuration. Use namespace http://www.hibernate.org/dtd/hibernate-configuration instead.  Support for obsolete DTD/XSD namespaces may be removed at any time.
2017-02-14 10:39:36 [main] INFO  Version:66 - HCANN000001: Hibernate Commons Annotations {5.0.1.Final}
2017-02-14 10:39:37 [main] WARN  pooling:70 - HHH10001002: Using Hibernate built-in connection pool (not for production use!)
2017-02-14 10:39:37 [main] INFO  pooling:126 - HHH10001005: using driver [org.hsqldb.jdbcDriver] at URL [jdbc:hsqldb:mem:testdb]
2017-02-14 10:39:37 [main] INFO  pooling:135 - HHH10001001: Connection properties: {user=sa, password=****}
2017-02-14 10:39:37 [main] INFO  pooling:140 - HHH10001003: Autocommit mode: false
2017-02-14 10:39:37 [main] INFO  DriverManagerConnectionProviderImpl:41 - HHH000115: Hibernate connection pool size: 20 (min=1)
2017-02-14 10:39:38 [main] INFO  Dialect:157 - HHH000400: Using dialect: org.hibernate.dialect.HSQLDialect
2017-02-14 10:39:38 [main] INFO  access:47 - HHH10001501: Connection obtained from JdbcConnectionAccess [org.hibernate.engine.jdbc.env.internal.JdbcEnvironmentInitiator$ConnectionProviderJdbcConnectionAccess@45394b31] for (non-JTA) DDL execution was not in auto-commit mode; the Connection 'local transaction' will be committed and the Connection will be set into auto-commit mode.
2017-02-14 10:39:38 [main] INFO  access:47 - HHH10001501: Connection obtained from JdbcConnectionAccess [org.hibernate.engine.jdbc.env.internal.JdbcEnvironmentInitiator$ConnectionProviderJdbcConnectionAccess@69eb86b4] for (non-JTA) DDL execution was not in auto-commit mode; the Connection 'local transaction' will be committed and the Connection will be set into auto-commit mode.
2017-02-14 10:39:38 [main] INFO  SchemaCreatorImpl:488 - HHH000476: Executing import script 'org.hibernate.tool.schema.internal.exec.ScriptSourceInputNonExistentImpl@6a933be2'
2017-02-14 10:51:13 [main] INFO  FSMAppTest:52 - Creating passenger record...
2017-02-14 10:51:13 [main] INFO  Version:45 - HHH000412: Hibernate Core {5.2.6.Final}
2017-02-14 10:51:13 [main] INFO  Environment:213 - HHH000206: hibernate.properties not found
2017-02-14 10:51:13 [main] WARN  deprecation:91 - HHH90000012: Recognized obsolete hibernate namespace http://hibernate.sourceforge.net/hibernate-configuration. Use namespace http://www.hibernate.org/dtd/hibernate-configuration instead.  Support for obsolete DTD/XSD namespaces may be removed at any time.
2017-02-14 10:51:13 [main] INFO  Version:66 - HCANN000001: Hibernate Commons Annotations {5.0.1.Final}
2017-02-14 10:51:14 [main] WARN  pooling:70 - HHH10001002: Using Hibernate built-in connection pool (not for production use!)
2017-02-14 10:51:14 [main] INFO  pooling:126 - HHH10001005: using driver [org.hsqldb.jdbcDriver] at URL [jdbc:hsqldb:mem:testdb]
2017-02-14 10:51:14 [main] INFO  pooling:135 - HHH10001001: Connection properties: {user=sa, password=****}
2017-02-14 10:51:14 [main] INFO  pooling:140 - HHH10001003: Autocommit mode: false
2017-02-14 10:51:14 [main] INFO  DriverManagerConnectionProviderImpl:41 - HHH000115: Hibernate connection pool size: 20 (min=1)
2017-02-14 10:51:14 [main] INFO  Dialect:157 - HHH000400: Using dialect: org.hibernate.dialect.HSQLDialect
2017-02-14 10:51:15 [main] INFO  access:47 - HHH10001501: Connection obtained from JdbcConnectionAccess [org.hibernate.engine.jdbc.env.internal.JdbcEnvironmentInitiator$ConnectionProviderJdbcConnectionAccess@54dcbb9f] for (non-JTA) DDL execution was not in auto-commit mode; the Connection 'local transaction' will be committed and the Connection will be set into auto-commit mode.
2017-02-14 10:51:15 [main] INFO  access:47 - HHH10001501: Connection obtained from JdbcConnectionAccess [org.hibernate.engine.jdbc.env.internal.JdbcEnvironmentInitiator$ConnectionProviderJdbcConnectionAccess@5f78de22] for (non-JTA) DDL execution was not in auto-commit mode; the Connection 'local transaction' will be committed and the Connection will be set into auto-commit mode.
2017-02-14 10:51:15 [main] INFO  SchemaCreatorImpl:488 - HHH000476: Executing import script 'org.hibernate.tool.schema.internal.exec.ScriptSourceInputNonExistentImpl@3eba57a7'
2017-02-14 10:51:15 [main] INFO  FSMAppTest:60 - Creating vehicle record...
2017-02-14 10:51:15 [main] INFO  FSMAppTest:36 - 

Starting app...
2017-02-14 10:51:15 [main] INFO  FSMAppTest:37 - Passenger will now commute Manalili to Ayala
2017-02-14 10:51:15 [main] INFO  FSMApp:38 - Waiting for Jeepney.
2017-02-14 10:51:15 [main] INFO  FSMApp:101 - Saving passenger 1 using vehicle 1 when WAITING_FOR_JEEPNEY
2017-02-14 10:51:15 [main] INFO  FSMApp:40 - Passenger board a jeepney.
2017-02-14 10:51:15 [main] INFO  FSMApp:45 - Waiting to Pay.
2017-02-14 10:51:15 [main] INFO  FSMApp:101 - Saving passenger 1 using vehicle 1 when WAITING_TO_PAY
2017-02-14 10:51:15 [main] INFO  FSMApp:47 - Passenger pass the money.
2017-02-14 10:51:15 [main] INFO  FSMApp:52 - Waiting for Change.
2017-02-14 10:51:15 [main] INFO  FSMApp:101 - Saving passenger 1 using vehicle 1 when WAITING_FOR_CHANGE
2017-02-14 10:51:15 [main] INFO  FSMApp:55 - Receive Change.
2017-02-14 10:51:15 [main] INFO  FSMApp:71 - Riding Jeepney.
2017-02-14 10:51:15 [main] INFO  FSMApp:101 - Saving passenger 1 using vehicle 1 when RIDING_JEEPNEY
2017-02-14 10:51:15 [main] INFO  FSMApp:73 - Click coin on roof.
2017-02-14 10:51:15 [main] INFO  FSMApp:78 - Waiting to stop.
2017-02-14 10:51:15 [main] INFO  FSMApp:101 - Saving passenger 1 using vehicle 1 when WAITING_TO_STOP
2017-02-14 10:51:15 [main] INFO  FSMApp:80 - Get Off
2017-02-14 10:51:15 [main] INFO  FSMAppTest:52 - Creating passenger record...
2017-02-14 10:51:15 [main] INFO  FSMAppTest:73 - Creating vehicle record...
2017-02-14 10:51:15 [main] INFO  FSMAppTest:46 - 

Starting app...
2017-02-14 10:51:15 [main] INFO  FSMAppTest:47 - Passenger will now commute Labangon to SM
2017-02-14 10:51:15 [main] INFO  FSMApp:38 - Waiting for Jeepney.
2017-02-14 10:51:15 [main] INFO  FSMApp:101 - Saving passenger 2 using vehicle 2 when WAITING_FOR_JEEPNEY
2017-02-14 10:51:15 [main] INFO  FSMApp:40 - Passenger board a jeepney.
2017-02-14 10:51:15 [main] INFO  FSMApp:45 - Waiting to Pay.
2017-02-14 10:51:15 [main] INFO  FSMApp:101 - Saving passenger 2 using vehicle 2 when WAITING_TO_PAY
2017-02-14 10:51:15 [main] INFO  FSMApp:47 - Passenger pass the money.
2017-02-14 10:51:15 [main] INFO  FSMApp:52 - Waiting for Change.
2017-02-14 10:51:15 [main] INFO  FSMApp:101 - Saving passenger 2 using vehicle 2 when WAITING_FOR_CHANGE
2017-02-14 10:51:15 [main] INFO  FSMApp:58 - No Change.
2017-02-14 10:51:15 [main] INFO  FSMApp:64 - Change Resolution.
2017-02-14 10:51:15 [main] INFO  FSMApp:101 - Saving passenger 2 using vehicle 2 when CHANGE_RESOLUTION
2017-02-14 10:51:15 [main] INFO  FSMApp:66 - Resolve.
2017-02-14 10:51:15 [main] INFO  FSMApp:78 - Waiting to stop.
2017-02-14 10:51:15 [main] INFO  FSMApp:101 - Saving passenger 2 using vehicle 2 when WAITING_TO_STOP
2017-02-14 10:51:15 [main] INFO  FSMApp:80 - Get Off
2017-02-14 10:52:08 [main] INFO  FSMAppTest:52 - Creating passenger record...
2017-02-14 10:52:08 [main] INFO  Version:45 - HHH000412: Hibernate Core {5.2.6.Final}
2017-02-14 10:52:08 [main] INFO  Environment:213 - HHH000206: hibernate.properties not found
2017-02-14 10:52:08 [main] WARN  deprecation:91 - HHH90000012: Recognized obsolete hibernate namespace http://hibernate.sourceforge.net/hibernate-configuration. Use namespace http://www.hibernate.org/dtd/hibernate-configuration instead.  Support for obsolete DTD/XSD namespaces may be removed at any time.
2017-02-14 10:52:08 [main] INFO  Version:66 - HCANN000001: Hibernate Commons Annotations {5.0.1.Final}
2017-02-14 10:52:09 [main] WARN  pooling:70 - HHH10001002: Using Hibernate built-in connection pool (not for production use!)
2017-02-14 10:52:09 [main] INFO  pooling:126 - HHH10001005: using driver [org.hsqldb.jdbcDriver] at URL [jdbc:hsqldb:mem:testdb]
2017-02-14 10:52:09 [main] INFO  pooling:135 - HHH10001001: Connection properties: {user=sa, password=****}
2017-02-14 10:52:09 [main] INFO  pooling:140 - HHH10001003: Autocommit mode: false
2017-02-14 10:52:09 [main] INFO  DriverManagerConnectionProviderImpl:41 - HHH000115: Hibernate connection pool size: 20 (min=1)
2017-02-14 10:52:09 [main] INFO  Dialect:157 - HHH000400: Using dialect: org.hibernate.dialect.HSQLDialect
2017-02-14 10:52:10 [main] INFO  access:47 - HHH10001501: Connection obtained from JdbcConnectionAccess [org.hibernate.engine.jdbc.env.internal.JdbcEnvironmentInitiator$ConnectionProviderJdbcConnectionAccess@54dcbb9f] for (non-JTA) DDL execution was not in auto-commit mode; the Connection 'local transaction' will be committed and the Connection will be set into auto-commit mode.
2017-02-14 10:52:10 [main] INFO  access:47 - HHH10001501: Connection obtained from JdbcConnectionAccess [org.hibernate.engine.jdbc.env.internal.JdbcEnvironmentInitiator$ConnectionProviderJdbcConnectionAccess@5f78de22] for (non-JTA) DDL execution was not in auto-commit mode; the Connection 'local transaction' will be committed and the Connection will be set into auto-commit mode.
2017-02-14 10:52:10 [main] INFO  SchemaCreatorImpl:488 - HHH000476: Executing import script 'org.hibernate.tool.schema.internal.exec.ScriptSourceInputNonExistentImpl@3eba57a7'
2017-02-14 10:52:10 [main] INFO  FSMAppTest:60 - Creating vehicle record...
2017-02-14 10:52:10 [main] INFO  FSMAppTest:36 - 

Starting app...
2017-02-14 10:52:10 [main] INFO  FSMAppTest:37 - Passenger will now commute from Manalili to Ayala
2017-02-14 10:52:10 [main] INFO  FSMApp:38 - Waiting for Jeepney.
2017-02-14 10:52:10 [main] INFO  FSMApp:101 - Saving passenger 1 using vehicle 1 when WAITING_FOR_JEEPNEY
2017-02-14 10:52:10 [main] INFO  FSMApp:40 - Passenger board a jeepney.
2017-02-14 10:52:10 [main] INFO  FSMApp:45 - Waiting to Pay.
2017-02-14 10:52:10 [main] INFO  FSMApp:101 - Saving passenger 1 using vehicle 1 when WAITING_TO_PAY
2017-02-14 10:52:10 [main] INFO  FSMApp:47 - Passenger pass the money.
2017-02-14 10:52:10 [main] INFO  FSMApp:52 - Waiting for Change.
2017-02-14 10:52:10 [main] INFO  FSMApp:101 - Saving passenger 1 using vehicle 1 when WAITING_FOR_CHANGE
2017-02-14 10:52:10 [main] INFO  FSMApp:55 - Receive Change.
2017-02-14 10:52:10 [main] INFO  FSMApp:71 - Riding Jeepney.
2017-02-14 10:52:10 [main] INFO  FSMApp:101 - Saving passenger 1 using vehicle 1 when RIDING_JEEPNEY
2017-02-14 10:52:10 [main] INFO  FSMApp:73 - Click coin on roof.
2017-02-14 10:52:10 [main] INFO  FSMApp:78 - Waiting to stop.
2017-02-14 10:52:10 [main] INFO  FSMApp:101 - Saving passenger 1 using vehicle 1 when WAITING_TO_STOP
2017-02-14 10:52:10 [main] INFO  FSMApp:80 - Get Off
2017-02-14 10:52:10 [main] INFO  FSMAppTest:52 - Creating passenger record...
2017-02-14 10:52:10 [main] INFO  FSMAppTest:73 - Creating vehicle record...
2017-02-14 10:52:10 [main] INFO  FSMAppTest:46 - 

Starting app...
2017-02-14 10:52:10 [main] INFO  FSMAppTest:47 - Passenger will now commute from Labangon to SM
2017-02-14 10:52:10 [main] INFO  FSMApp:38 - Waiting for Jeepney.
2017-02-14 10:52:10 [main] INFO  FSMApp:101 - Saving passenger 2 using vehicle 2 when WAITING_FOR_JEEPNEY
2017-02-14 10:52:10 [main] INFO  FSMApp:40 - Passenger board a jeepney.
2017-02-14 10:52:10 [main] INFO  FSMApp:45 - Waiting to Pay.
2017-02-14 10:52:10 [main] INFO  FSMApp:101 - Saving passenger 2 using vehicle 2 when WAITING_TO_PAY
2017-02-14 10:52:10 [main] INFO  FSMApp:47 - Passenger pass the money.
2017-02-14 10:52:10 [main] INFO  FSMApp:52 - Waiting for Change.
2017-02-14 10:52:10 [main] INFO  FSMApp:101 - Saving passenger 2 using vehicle 2 when WAITING_FOR_CHANGE
2017-02-14 10:52:10 [main] INFO  FSMApp:58 - No Change.
2017-02-14 10:52:10 [main] INFO  FSMApp:64 - Change Resolution.
2017-02-14 10:52:10 [main] INFO  FSMApp:101 - Saving passenger 2 using vehicle 2 when CHANGE_RESOLUTION
2017-02-14 10:52:10 [main] INFO  FSMApp:66 - Resolve.
2017-02-14 10:52:10 [main] INFO  FSMApp:78 - Waiting to stop.
2017-02-14 10:52:10 [main] INFO  FSMApp:101 - Saving passenger 2 using vehicle 2 when WAITING_TO_STOP
2017-02-14 10:52:10 [main] INFO  FSMApp:80 - Get Off
